<html>
<head>
<title>TestNG:  Test</title>
<link href="../testng.css" rel="stylesheet" type="text/css" />
<link href="../my-testng.css" rel="stylesheet" type="text/css" />

<style type="text/css">
.log { display: none;} 
.stack-trace { display: none;} 
</style>
<script type="text/javascript">
<!--
function flip(e) {
  current = e.style.display;
  if (current == 'block') {
    e.style.display = 'none';
    return 0;
  }
  else {
    e.style.display = 'block';
    return 1;
  }
}

function toggleBox(szDivId, elem, msg1, msg2)
{
  var res = -1;  if (document.getElementById) {
    res = flip(document.getElementById(szDivId));
  }
  else if (document.all) {
    // this is the way old msie versions work
    res = flip(document.all[szDivId]);
  }
  if(elem) {
    if(res == 0) elem.innerHTML = msg1; else elem.innerHTML = msg2;
  }

}

function toggleAllBoxes() {
  if (document.getElementsByTagName) {
    d = document.getElementsByTagName('div');
    for (i = 0; i < d.length; i++) {
      if (d[i].className == 'log') {
        flip(d[i]);
      }
    }
  }
}

// -->
</script>

</head>
<body>
<h2 align='center'>Test</h2><table border='1' align="center">
<tr>
<td>Tests passed/Failed/Skipped:</td><td>9/1/0</td>
</tr><tr>
<td>Started on:</td><td>Sat Aug 31 20:31:04 IST 2024</td>
</tr>
<tr><td>Total time:</td><td>450 seconds (450234 ms)</td>
</tr><tr>
<td>Included groups:</td><td></td>
</tr><tr>
<td>Excluded groups:</td><td></td>
</tr>
</table><p/>
<small><i>(Hover the method name to see the test class name)</i></small><p/>
<table width='100%' border='1' class='invocation-failed'>
<tr><td colspan='4' align='center'><b>FAILED TESTS</b></td></tr>
<tr><td><b>Test method</b></td>
<td><b>Attribute(s)</b></td>
<td width="30%"><b>Exception</b></td>
<td width="10%"><b>Time (seconds)</b></td>
<td><b>Instance</b></td>
</tr>
<tr>
<td title='testbestbuy.TC_06SearchAndAddToCartTest.testSignInSearchAndAddToCart()'><b>testSignInSearchAndAddToCart</b><br>Test class: testbestbuy.TC_06SearchAndAddToCartTest</td>
<td><div><pre>org.openqa.selenium.ElementClickInterceptedException: element click intercepted: Element &lt;a href=&quot;/site/samsonite-windguard-auto-open-close-umbrella-new-blue/6512733.p?skuId=6512733&quot;&gt;...&lt;/a&gt; is not clickable at point (962, 374). Other element would receive the click: &lt;div&gt;...&lt;/div&gt;
  (Session info: chrome=128.0.6613.85)
Build info: version: &apos;4.20.0&apos;, revision: &apos;866c76ca80&apos;
System info: os.name: &apos;Windows 10&apos;, os.arch: &apos;amd64&apos;, os.version: &apos;10.0&apos;, java.version: &apos;16.0.2&apos;
Driver info: org.openqa.selenium.chrome.ChromeDriver
Command: [15f9e876559f7ddd4bf03b0757afce5e, clickElement {id=f.9DE00724EB08DC3783B75422A1622CDB.d.296AB31797F2EF201E416E3124F205BF.e.293}]
Capabilities {acceptInsecureCerts: false, browserName: chrome, browserVersion: 128.0.6613.85, chrome: {chromedriverVersion: 128.0.6613.86 (3045ed680fda..., userDataDir: C:\Users\mouri\AppData\Loca...}, fedcm:accounts: true, goog:chromeOptions: {debuggerAddress: localhost:59946}, networkConnectionEnabled: false, pageLoadStrategy: normal, platformName: windows, proxy: Proxy(), se:cdp: ws://localhost:59946/devtoo..., se:cdpVersion: 128.0.6613.85, setWindowRect: true, strictFileInteractability: false, timeouts: {implicit: 0, pageLoad: 300000, script: 30000}, unhandledPromptBehavior: dismiss and notify, webauthn:extension:credBlob: true, webauthn:extension:largeBlob: true, webauthn:extension:minPinLength: true, webauthn:extension:prf: true, webauthn:virtualAuthenticators: true}
Element: [[ChromeDriver: chrome on windows (15f9e876559f7ddd4bf03b0757afce5e)] -&gt; xpath: //a[contains(text(),&apos;Samsonite - Windguard Auto Open/Close Umbrella - New Blue&apos;)]]
Session ID: 15f9e876559f7ddd4bf03b0757afce5e
	at org.openqa.selenium.remote.ErrorCodec.decode(ErrorCodec.java:167)
	at org.openqa.selenium.remote.codec.w3c.W3CHttpResponseCodec.decode(W3CHttpResponseCodec.java:138)
	at org.openqa.selenium.remote.codec.w3c.W3CHttpResponseCodec.decode(W3CHttpResponseCodec.java:50)
	at org.openqa.selenium.remote.HttpCommandExecutor.execute(HttpCommandExecutor.java:190)
	at org.openqa.selenium.remote.service.DriverCommandExecutor.invokeExecute(DriverCommandExecutor.java:216)
	at org.openqa.selenium.remote.service.DriverCommandExecutor.execute(DriverCommandExecutor.java:174)
	at org.openqa.selenium.remote.RemoteWebDriver.execute(RemoteWebDriver.java:518)
	at org.openqa.selenium.remote.RemoteWebElement.execute(RemoteWebElement.java:223)
	at org.openqa.selenium.remote.RemoteWebElement.click(RemoteWebElement.java:76)
	at org.openqa.selenium.support.pagefactory.internal.LocatingElementHandler.invoke(LocatingElementHandler.java:51)
	at jdk.proxy2/jdk.proxy2.$Proxy12.click(Unknown Source)
	at pages.SearchResultsPage.clickFirstResult(SearchResultsPage.java:20)
	at testbestbuy.TC_06SearchAndAddToCartTest.testSignInSearchAndAddToCart(TC_06SearchAndAddToCartTest.java:41)
	at java.base/java.util.ArrayList.forEach(ArrayList.java:1511)
... Removed 35 stack frames</pre></div><a href='#' onClick='toggleBox("stack-trace1086017415", this, "Click to show all stack frames", "Click to hide stack frames")'>Click to show all stack frames</a>
<div class='stack-trace' id='stack-trace1086017415'><pre>org.openqa.selenium.ElementClickInterceptedException: element click intercepted: Element &lt;a href=&quot;/site/samsonite-windguard-auto-open-close-umbrella-new-blue/6512733.p?skuId=6512733&quot;&gt;...&lt;/a&gt; is not clickable at point (962, 374). Other element would receive the click: &lt;div&gt;...&lt;/div&gt;
  (Session info: chrome=128.0.6613.85)
Build info: version: &apos;4.20.0&apos;, revision: &apos;866c76ca80&apos;
System info: os.name: &apos;Windows 10&apos;, os.arch: &apos;amd64&apos;, os.version: &apos;10.0&apos;, java.version: &apos;16.0.2&apos;
Driver info: org.openqa.selenium.chrome.ChromeDriver
Command: [15f9e876559f7ddd4bf03b0757afce5e, clickElement {id=f.9DE00724EB08DC3783B75422A1622CDB.d.296AB31797F2EF201E416E3124F205BF.e.293}]
Capabilities {acceptInsecureCerts: false, browserName: chrome, browserVersion: 128.0.6613.85, chrome: {chromedriverVersion: 128.0.6613.86 (3045ed680fda..., userDataDir: C:\Users\mouri\AppData\Loca...}, fedcm:accounts: true, goog:chromeOptions: {debuggerAddress: localhost:59946}, networkConnectionEnabled: false, pageLoadStrategy: normal, platformName: windows, proxy: Proxy(), se:cdp: ws://localhost:59946/devtoo..., se:cdpVersion: 128.0.6613.85, setWindowRect: true, strictFileInteractability: false, timeouts: {implicit: 0, pageLoad: 300000, script: 30000}, unhandledPromptBehavior: dismiss and notify, webauthn:extension:credBlob: true, webauthn:extension:largeBlob: true, webauthn:extension:minPinLength: true, webauthn:extension:prf: true, webauthn:virtualAuthenticators: true}
Element: [[ChromeDriver: chrome on windows (15f9e876559f7ddd4bf03b0757afce5e)] -&gt; xpath: //a[contains(text(),&apos;Samsonite - Windguard Auto Open/Close Umbrella - New Blue&apos;)]]
Session ID: 15f9e876559f7ddd4bf03b0757afce5e
	at java.base/jdk.internal.reflect.NativeConstructorAccessorImpl.newInstance0(Native Method)
	at java.base/jdk.internal.reflect.NativeConstructorAccessorImpl.newInstance(NativeConstructorAccessorImpl.java:78)
	at java.base/jdk.internal.reflect.DelegatingConstructorAccessorImpl.newInstance(DelegatingConstructorAccessorImpl.java:45)
	at java.base/java.lang.reflect.Constructor.newInstanceWithCaller(Constructor.java:499)
	at java.base/java.lang.reflect.Constructor.newInstance(Constructor.java:480)
	at org.openqa.selenium.remote.ErrorCodec.decode(ErrorCodec.java:167)
	at org.openqa.selenium.remote.codec.w3c.W3CHttpResponseCodec.decode(W3CHttpResponseCodec.java:138)
	at org.openqa.selenium.remote.codec.w3c.W3CHttpResponseCodec.decode(W3CHttpResponseCodec.java:50)
	at org.openqa.selenium.remote.HttpCommandExecutor.execute(HttpCommandExecutor.java:190)
	at org.openqa.selenium.remote.service.DriverCommandExecutor.invokeExecute(DriverCommandExecutor.java:216)
	at org.openqa.selenium.remote.service.DriverCommandExecutor.execute(DriverCommandExecutor.java:174)
	at org.openqa.selenium.remote.RemoteWebDriver.execute(RemoteWebDriver.java:518)
	at org.openqa.selenium.remote.RemoteWebElement.execute(RemoteWebElement.java:223)
	at org.openqa.selenium.remote.RemoteWebElement.click(RemoteWebElement.java:76)
	at jdk.internal.reflect.GeneratedMethodAccessor2.invoke(Unknown Source)
	at java.base/jdk.internal.reflect.DelegatingMethodAccessorImpl.invoke(DelegatingMethodAccessorImpl.java:43)
	at java.base/java.lang.reflect.Method.invoke(Method.java:567)
	at org.openqa.selenium.support.pagefactory.internal.LocatingElementHandler.invoke(LocatingElementHandler.java:51)
	at jdk.proxy2/jdk.proxy2.$Proxy12.click(Unknown Source)
	at pages.SearchResultsPage.clickFirstResult(SearchResultsPage.java:20)
	at testbestbuy.TC_06SearchAndAddToCartTest.testSignInSearchAndAddToCart(TC_06SearchAndAddToCartTest.java:41)
	at java.base/jdk.internal.reflect.NativeMethodAccessorImpl.invoke0(Native Method)
	at java.base/jdk.internal.reflect.NativeMethodAccessorImpl.invoke(NativeMethodAccessorImpl.java:78)
	at java.base/jdk.internal.reflect.DelegatingMethodAccessorImpl.invoke(DelegatingMethodAccessorImpl.java:43)
	at java.base/java.lang.reflect.Method.invoke(Method.java:567)
	at org.testng.internal.invokers.MethodInvocationHelper.invokeMethod(MethodInvocationHelper.java:141)
	at org.testng.internal.invokers.TestInvoker.invokeMethod(TestInvoker.java:686)
	at org.testng.internal.invokers.TestInvoker.invokeTestMethod(TestInvoker.java:230)
	at org.testng.internal.invokers.MethodRunner.runInSequence(MethodRunner.java:63)
	at org.testng.internal.invokers.TestInvoker$MethodInvocationAgent.invoke(TestInvoker.java:992)
	at org.testng.internal.invokers.TestInvoker.invokeTestMethods(TestInvoker.java:203)
	at org.testng.internal.invokers.TestMethodWorker.invokeTestMethods(TestMethodWorker.java:154)
	at org.testng.internal.invokers.TestMethodWorker.run(TestMethodWorker.java:134)
	at java.base/java.util.ArrayList.forEach(ArrayList.java:1511)
	at org.testng.TestRunner.privateRun(TestRunner.java:739)
	at org.testng.TestRunner.run(TestRunner.java:614)
	at org.testng.SuiteRunner.runTest(SuiteRunner.java:421)
	at org.testng.SuiteRunner.runSequentially(SuiteRunner.java:413)
	at org.testng.SuiteRunner.privateRun(SuiteRunner.java:373)
	at org.testng.SuiteRunner.run(SuiteRunner.java:312)
	at org.testng.SuiteRunnerWorker.runSuite(SuiteRunnerWorker.java:52)
	at org.testng.SuiteRunnerWorker.run(SuiteRunnerWorker.java:95)
	at org.testng.TestNG.runSuitesSequentially(TestNG.java:1274)
	at org.testng.TestNG.runSuitesLocally(TestNG.java:1208)
	at org.testng.TestNG.runSuites(TestNG.java:1112)
	at org.testng.TestNG.run(TestNG.java:1079)
	at org.testng.remote.AbstractRemoteTestNG.run(AbstractRemoteTestNG.java:115)
	at org.testng.remote.RemoteTestNG.initAndRun(RemoteTestNG.java:293)
	at org.testng.remote.RemoteTestNG.main(RemoteTestNG.java:91)
</pre></div></td>
<td>44</td>
<td>testbestbuy.TC_06SearchAndAddToCartTest@312aa7c</td></tr>
</table><p>
<table width='100%' border='1' class='invocation-passed'>
<tr><td colspan='4' align='center'><b>PASSED TESTS</b></td></tr>
<tr><td><b>Test method</b></td>
<td><b>Attribute(s)</b></td>
<td width="30%"><b>Exception</b></td>
<td width="10%"><b>Time (seconds)</b></td>
<td><b>Instance</b></td>
</tr>
<tr>
<td title='testbestbuy.TC_10CheckoutPlaceOrderTest.testCheckoutProcess()'><b>testCheckoutProcess</b><br>Test class: testbestbuy.TC_10CheckoutPlaceOrderTest</td>
<td></td>
<td>76</td>
<td>testbestbuy.TC_10CheckoutPlaceOrderTest@70cf32e3</td></tr>
<tr>
<td title='testbestbuy.TC_08SelectBrandTest.testSelectAppleBrand()'><b>testSelectAppleBrand</b><br>Test class: testbestbuy.TC_08SelectBrandTest</td>
<td></td>
<td>71</td>
<td>testbestbuy.TC_08SelectBrandTest@72bc6553</td></tr>
<tr>
<td title='testbestbuy.TC_09AddToCartTest.testAddAppleWatchSeries9ToCart()'><b>testAddAppleWatchSeries9ToCart</b><br>Test class: testbestbuy.TC_09AddToCartTest</td>
<td></td>
<td>73</td>
<td>testbestbuy.TC_09AddToCartTest@66982506</td></tr>
<tr>
<td title='testbestbuy.TC_02BestBuyLinkValidationTest.testValidLink()'><b>testValidLink</b><br>Test class: testbestbuy.TC_02BestBuyLinkValidationTest</td>
<td></td>
<td>10</td>
<td>testbestbuy.TC_02BestBuyLinkValidationTest@4c163e3</td></tr>
<tr>
<td title='testbestbuy.TC_05CreateAccountTest.testCreateAccount()'><b>testCreateAccount</b><br>Test class: testbestbuy.TC_05CreateAccountTest</td>
<td></td>
<td>17</td>
<td>testbestbuy.TC_05CreateAccountTest@c430e6c</td></tr>
<tr>
<td title='testbestbuy.TC_03BestBuySignInTest.testSignIn()'><b>testSignIn</b><br>Test class: testbestbuy.TC_03BestBuySignInTest</td>
<td></td>
<td>42</td>
<td>testbestbuy.TC_03BestBuySignInTest@4a8355dd</td></tr>
<tr>
<td title='testbestbuy.TC_01BestBuyNavigationTest.testNavigateToBestBuy()'><b>testNavigateToBestBuy</b><br>Test class: testbestbuy.TC_01BestBuyNavigationTest</td>
<td></td>
<td>0</td>
<td>testbestbuy.TC_01BestBuyNavigationTest@710c2b53</td></tr>
<tr>
<td title='testbestbuy.TC_04BottomLinkTest.testBottomLinksPresence()'><b>testBottomLinksPresence</b><br>Test class: testbestbuy.TC_04BottomLinkTest</td>
<td></td>
<td>30</td>
<td>testbestbuy.TC_04BottomLinkTest@4d0d9fe7</td></tr>
<tr>
<td title='testbestbuy.TC_07ShopByDepartmentTest.testShopByDepartmentAndAddToCart()'><b>testShopByDepartmentAndAddToCart</b><br>Test class: testbestbuy.TC_07ShopByDepartmentTest</td>
<td></td>
<td>52</td>
<td>testbestbuy.TC_07ShopByDepartmentTest@536f2a7e</td></tr>
</table><p>
</body>
</html>