<?xml version="1.0" encoding="UTF-8"?>
<!-- Generated by org.testng.reporters.JUnitXMLReporter -->
<testsuite ignored="0" hostname="MouriceSeraphin" failures="1" tests="10" name="Test" time="450.234" errors="0" timestamp="2024-08-31T20:38:34 IST">
  <testcase classname="testbestbuy.TC_01BestBuyNavigationTest" name="testNavigateToBestBuy" time="0.069"/>
  <testcase classname="testbestbuy.TC_02BestBuyLinkValidationTest" name="testValidLink" time="10.904"/>
  <testcase classname="testbestbuy.TC_03BestBuySignInTest" name="testSignIn" time="42.554"/>
  <testcase classname="testbestbuy.TC_04BottomLinkTest" name="testBottomLinksPresence" time="30.388"/>
  <testcase classname="testbestbuy.TC_05CreateAccountTest" name="testCreateAccount" time="17.385"/>
  <testcase classname="testbestbuy.TC_06SearchAndAddToCartTest" name="testSignInSearchAndAddToCart" time="44.467">
    <failure type="org.openqa.selenium.ElementClickInterceptedException" message="element click intercepted: Element &amp;lt;a href=&amp;quot;/site/samsonite-windguard-auto-open-close-umbrella-new-blue/6512733.p?skuId=6512733&amp;quot;&amp;gt;...&amp;lt;/a&amp;gt; is not clickable at point (962, 374). Other element would receive the click: &amp;lt;div&amp;gt;...&amp;lt;/div&amp;gt;
  (Session info: chrome=128.0.6613.85)
Build info: version: &amp;apos;4.20.0&amp;apos;, revision: &amp;apos;866c76ca80&amp;apos;
System info: os.name: &amp;apos;Windows 10&amp;apos;, os.arch: &amp;apos;amd64&amp;apos;, os.version: &amp;apos;10.0&amp;apos;, java.version: &amp;apos;16.0.2&amp;apos;
Driver info: org.openqa.selenium.chrome.ChromeDriver
Command: [15f9e876559f7ddd4bf03b0757afce5e, clickElement {id=f.9DE00724EB08DC3783B75422A1622CDB.d.296AB31797F2EF201E416E3124F205BF.e.293}]
Capabilities {acceptInsecureCerts: false, browserName: chrome, browserVersion: 128.0.6613.85, chrome: {chromedriverVersion: 128.0.6613.86 (3045ed680fda..., userDataDir: C:\Users\mouri\AppData\Loca...}, fedcm:accounts: true, goog:chromeOptions: {debuggerAddress: localhost:59946}, networkConnectionEnabled: false, pageLoadStrategy: normal, platformName: windows, proxy: Proxy(), se:cdp: ws://localhost:59946/devtoo..., se:cdpVersion: 128.0.6613.85, setWindowRect: true, strictFileInteractability: false, timeouts: {implicit: 0, pageLoad: 300000, script: 30000}, unhandledPromptBehavior: dismiss and notify, webauthn:extension:credBlob: true, webauthn:extension:largeBlob: true, webauthn:extension:minPinLength: true, webauthn:extension:prf: true, webauthn:virtualAuthenticators: true}
Element: [[ChromeDriver: chrome on windows (15f9e876559f7ddd4bf03b0757afce5e)] -&amp;gt; xpath: //a[contains(text(),&amp;apos;Samsonite - Windguard Auto Open/Close Umbrella - New Blue&amp;apos;)]]
Session ID: 15f9e876559f7ddd4bf03b0757afce5e">
      <![CDATA[org.openqa.selenium.ElementClickInterceptedException: element click intercepted: Element <a href="/site/samsonite-windguard-auto-open-close-umbrella-new-blue/6512733.p?skuId=6512733">...</a> is not clickable at point (962, 374). Other element would receive the click: <div>...</div>
  (Session info: chrome=128.0.6613.85)
Build info: version: '4.20.0', revision: '866c76ca80'
System info: os.name: 'Windows 10', os.arch: 'amd64', os.version: '10.0', java.version: '16.0.2'
Driver info: org.openqa.selenium.chrome.ChromeDriver
Command: [15f9e876559f7ddd4bf03b0757afce5e, clickElement {id=f.9DE00724EB08DC3783B75422A1622CDB.d.296AB31797F2EF201E416E3124F205BF.e.293}]
Capabilities {acceptInsecureCerts: false, browserName: chrome, browserVersion: 128.0.6613.85, chrome: {chromedriverVersion: 128.0.6613.86 (3045ed680fda..., userDataDir: C:\Users\mouri\AppData\Loca...}, fedcm:accounts: true, goog:chromeOptions: {debuggerAddress: localhost:59946}, networkConnectionEnabled: false, pageLoadStrategy: normal, platformName: windows, proxy: Proxy(), se:cdp: ws://localhost:59946/devtoo..., se:cdpVersion: 128.0.6613.85, setWindowRect: true, strictFileInteractability: false, timeouts: {implicit: 0, pageLoad: 300000, script: 30000}, unhandledPromptBehavior: dismiss and notify, webauthn:extension:credBlob: true, webauthn:extension:largeBlob: true, webauthn:extension:minPinLength: true, webauthn:extension:prf: true, webauthn:virtualAuthenticators: true}
Element: [[ChromeDriver: chrome on windows (15f9e876559f7ddd4bf03b0757afce5e)] -> xpath: //a[contains(text(),'Samsonite - Windguard Auto Open/Close Umbrella - New Blue')]]
Session ID: 15f9e876559f7ddd4bf03b0757afce5e
at org.openqa.selenium.remote.ErrorCodec.decode(ErrorCodec.java:167)
at org.openqa.selenium.remote.codec.w3c.W3CHttpResponseCodec.decode(W3CHttpResponseCodec.java:138)
at org.openqa.selenium.remote.codec.w3c.W3CHttpResponseCodec.decode(W3CHttpResponseCodec.java:50)
at org.openqa.selenium.remote.HttpCommandExecutor.execute(HttpCommandExecutor.java:190)
at org.openqa.selenium.remote.service.DriverCommandExecutor.invokeExecute(DriverCommandExecutor.java:216)
at org.openqa.selenium.remote.service.DriverCommandExecutor.execute(DriverCommandExecutor.java:174)
at org.openqa.selenium.remote.RemoteWebDriver.execute(RemoteWebDriver.java:518)
at org.openqa.selenium.remote.RemoteWebElement.execute(RemoteWebElement.java:223)
at org.openqa.selenium.remote.RemoteWebElement.click(RemoteWebElement.java:76)
at org.openqa.selenium.support.pagefactory.internal.LocatingElementHandler.invoke(LocatingElementHandler.java:51)
at jdk.proxy2/jdk.proxy2.$Proxy12.click(Unknown Source)
at pages.SearchResultsPage.clickFirstResult(SearchResultsPage.java:20)
at testbestbuy.TC_06SearchAndAddToCartTest.testSignInSearchAndAddToCart(TC_06SearchAndAddToCartTest.java:41)
at java.base/java.util.ArrayList.forEach(ArrayList.java:1511)
... Removed 35 stack frames]]>
    </failure>
  </testcase> <!-- testSignInSearchAndAddToCart -->
  <testcase classname="testbestbuy.TC_07ShopByDepartmentTest" name="testShopByDepartmentAndAddToCart" time="52.913"/>
  <testcase classname="testbestbuy.TC_08SelectBrandTest" name="testSelectAppleBrand" time="71.484"/>
  <testcase classname="testbestbuy.TC_09AddToCartTest" name="testAddAppleWatchSeries9ToCart" time="73.038"/>
  <testcase classname="testbestbuy.TC_10CheckoutPlaceOrderTest" name="testCheckoutProcess" time="76.054"/>
</testsuite> <!-- Test -->
